0 info it worked if it ends with ok
1 verbose cli [ '/Users/vincentcastelli/.nvm/versions/node/v6.13.1/bin/node',
1 verbose cli   '/Users/vincentcastelli/.nvm/versions/node/v6.13.1/bin/npm',
1 verbose cli   'run',
1 verbose cli   'build' ]
2 info using npm@3.10.10
3 info using node@v6.13.1
4 verbose run-script [ 'prebuild', 'build', 'postbuild' ]
5 info lifecycle vincent-site@1.0.0~prebuild: vincent-site@1.0.0
6 silly lifecycle vincent-site@1.0.0~prebuild: no script for prebuild, continuing
7 info lifecycle vincent-site@1.0.0~build: vincent-site@1.0.0
8 verbose lifecycle vincent-site@1.0.0~build: unsafe-perm in lifecycle true
9 verbose lifecycle vincent-site@1.0.0~build: PATH: /Users/vincentcastelli/.nvm/versions/node/v6.13.1/lib/node_modules/npm/bin/node-gyp-bin:/Users/vincentcastelli/Documents/02_Projects/vincent-site/node_modules/.bin:/Users/vincentcastelli/.nvm/versions/node/v6.13.1/bin:/usr/local/bin:/usr/bin:/bin:/usr/sbin:/sbin:/Library/Frameworks/Mono.framework/Versions/Current/Commands
10 verbose lifecycle vincent-site@1.0.0~build: CWD: /Users/vincentcastelli/Documents/02_Projects/vincent-site
11 silly lifecycle vincent-site@1.0.0~build: Args: [ '-c', 'webpack -p' ]
12 silly lifecycle vincent-site@1.0.0~build: Returned: code: 2  signal: null
13 info lifecycle vincent-site@1.0.0~build: Failed to exec build script
14 verbose stack Error: vincent-site@1.0.0 build: `webpack -p`
14 verbose stack Exit status 2
14 verbose stack     at EventEmitter.<anonymous> (/Users/vincentcastelli/.nvm/versions/node/v6.13.1/lib/node_modules/npm/lib/utils/lifecycle.js:255:16)
14 verbose stack     at emitTwo (events.js:106:13)
14 verbose stack     at EventEmitter.emit (events.js:191:7)
14 verbose stack     at ChildProcess.<anonymous> (/Users/vincentcastelli/.nvm/versions/node/v6.13.1/lib/node_modules/npm/lib/utils/spawn.js:40:14)
14 verbose stack     at emitTwo (events.js:106:13)
14 verbose stack     at ChildProcess.emit (events.js:191:7)
14 verbose stack     at maybeClose (internal/child_process.js:920:16)
14 verbose stack     at Process.ChildProcess._handle.onexit (internal/child_process.js:230:5)
15 verbose pkgid vincent-site@1.0.0
16 verbose cwd /Users/vincentcastelli/Documents/02_Projects/vincent-site
17 error Darwin 18.0.0
18 error argv "/Users/vincentcastelli/.nvm/versions/node/v6.13.1/bin/node" "/Users/vincentcastelli/.nvm/versions/node/v6.13.1/bin/npm" "run" "build"
19 error node v6.13.1
20 error npm  v3.10.10
21 error code ELIFECYCLE
22 error vincent-site@1.0.0 build: `webpack -p`
22 error Exit status 2
23 error Failed at the vincent-site@1.0.0 build script 'webpack -p'.
23 error Make sure you have the latest version of node.js and npm installed.
23 error If you do, this is most likely a problem with the vincent-site package,
23 error not with npm itself.
23 error Tell the author that this fails on your system:
23 error     webpack -p
23 error You can get information on how to open an issue for this project with:
23 error     npm bugs vincent-site
23 error Or if that isn't available, you can get their info via:
23 error     npm owner ls vincent-site
23 error There is likely additional logging output above.
24 verbose exit [ 1, true ]
